c:\users\administrator\documents\github\mymoto\consoleapplication1\win32robot\debug\win32robot.pch
c:\users\administrator\documents\github\mymoto\consoleapplication1\win32robot\debug\vc120.pdb
c:\users\administrator\documents\github\mymoto\consoleapplication1\win32robot\debug\vc120.idb
c:\users\administrator\documents\github\mymoto\consoleapplication1\win32robot\debug\stdafx.obj
c:\users\administrator\documents\github\mymoto\consoleapplication1\win32robot\debug\commitbidprice.obj
c:\users\administrator\documents\github\mymoto\consoleapplication1\win32robot\debug\ctloginfrom.obj
c:\users\administrator\documents\github\mymoto\consoleapplication1\win32robot\debug\myrobot.obj
c:\users\administrator\documents\github\mymoto\consoleapplication1\win32robot\debug\screen.obj
c:\users\administrator\documents\github\mymoto\consoleapplication1\win32robot\debug\testpermissionform.obj
c:\users\administrator\documents\github\mymoto\consoleapplication1\win32robot\debug\tmainform.obj
c:\users\administrator\documents\github\mymoto\consoleapplication1\win32robot\debug\win32robot.obj
c:\users\administrator\documents\github\mymoto\consoleapplication1\debug\win32robot.ilk
c:\users\administrator\documents\github\mymoto\consoleapplication1\debug\win32robot.exe
c:\users\administrator\documents\github\mymoto\consoleapplication1\debug\win32robot.pdb
c:\users\administrator\documents\github\mymoto\consoleapplication1\win32robot\debug\win32robot.res
c:\users\administrator\documents\github\mymoto\consoleapplication1\win32robot\debug\win32robot.tlog\cl.command.1.tlog
c:\users\administrator\documents\github\mymoto\consoleapplication1\win32robot\debug\win32robot.tlog\cl.read.1.tlog
c:\users\administrator\documents\github\mymoto\consoleapplication1\win32robot\debug\win32robot.tlog\cl.write.1.tlog
c:\users\administrator\documents\github\mymoto\consoleapplication1\win32robot\debug\win32robot.tlog\link.command.1.tlog
c:\users\administrator\documents\github\mymoto\consoleapplication1\win32robot\debug\win32robot.tlog\link.read.1.tlog
c:\users\administrator\documents\github\mymoto\consoleapplication1\win32robot\debug\win32robot.tlog\link.write.1.tlog
c:\users\administrator\documents\github\mymoto\consoleapplication1\win32robot\debug\win32robot.tlog\rc.command.1.tlog
c:\users\administrator\documents\github\mymoto\consoleapplication1\win32robot\debug\win32robot.tlog\rc.read.1.tlog
c:\users\administrator\documents\github\mymoto\consoleapplication1\win32robot\debug\win32robot.tlog\rc.write.1.tlog
