生成启动时间为 2014/5/3 20:39:19。
     1>项目“C:\Users\Administrator\Documents\GitHub\myMoto\ConsoleApplication1\Win32Robot\Win32Robot.vcxproj”在节点 2 上(Rebuild 个目标)。
     1>ClCompile:
         D:\Program Files (x86)\Microsoft Visual Studio 12.0\VC\bin\CL.exe /c /ZI /nologo /W3 /WX- /sdl /Od /Oy- /D WIN32 /D _DEBUG /D _WINDOWS /D _UNICODE /D UNICODE /Gm /EHsc /RTC1 /MDd /GS /fp:precise /Zc:wchar_t /Zc:forScope /Yc"stdafx.h" /Fp"Debug\Win32Robot.pch" /Fo"Debug\\" /Fd"Debug\vc120.pdb" /Gd /TP /analyze- /errorReport:prompt stdafx.cpp
         stdafx.cpp
         D:\Program Files (x86)\Microsoft Visual Studio 12.0\VC\bin\CL.exe /c /ZI /nologo /W3 /WX- /sdl /Od /Oy- /D WIN32 /D _DEBUG /D _WINDOWS /D _UNICODE /D UNICODE /Gm /EHsc /RTC1 /MDd /GS /fp:precise /Zc:wchar_t /Zc:forScope /Yu"stdafx.h" /Fp"Debug\Win32Robot.pch" /Fo"Debug\\" /Fd"Debug\vc120.pdb" /Gd /TP /analyze- /errorReport:prompt commitBidPrice.cpp CTLoginFrom.cpp MyRobot.cpp Screen.cpp TestPermissionForm.cpp TMainForm.cpp Win32Robot.cpp
         Win32Robot.cpp
         TMainForm.cpp
         TestPermissionForm.cpp
         Screen.cpp
         MyRobot.cpp
         CTLoginFrom.cpp
         commitBidPrice.cpp
         正在生成代码...
       ResourceCompile:
         C:\Program Files (x86)\Windows Kits\8.1\bin\x86\rc.exe /D _UNICODE /D UNICODE /l"0x0409" /nologo /fo"Debug\Win32Robot.res" Win32Robot.rc 
       Link:
         D:\Program Files (x86)\Microsoft Visual Studio 12.0\VC\bin\link.exe /ERRORREPORT:PROMPT /OUT:"C:\Users\Administrator\Documents\GitHub\myMoto\ConsoleApplication1\Debug\Win32Robot.exe" /INCREMENTAL /NOLOGO kernel32.lib user32.lib gdi32.lib winspool.lib comdlg32.lib advapi32.lib shell32.lib ole32.lib oleaut32.lib uuid.lib odbc32.lib odbccp32.lib /MANIFEST /MANIFESTUAC:"level='asInvoker' uiAccess='false'" /manifest:embed /DEBUG /PDB:"C:\Users\Administrator\Documents\GitHub\myMoto\ConsoleApplication1\Debug\Win32Robot.pdb" /SUBSYSTEM:WINDOWS /TLBID:1 /DYNAMICBASE /NXCOMPAT /IMPLIB:"C:\Users\Administrator\Documents\GitHub\myMoto\ConsoleApplication1\Debug\Win32Robot.lib" /MACHINE:X86 Debug\Win32Robot.res
         Debug\commitBidPrice.obj
         Debug\CTLoginFrom.obj
         Debug\MyRobot.obj
         Debug\Screen.obj
         Debug\stdafx.obj
         Debug\TestPermissionForm.obj
         Debug\TMainForm.obj
         Debug\Win32Robot.obj
         Win32Robot.vcxproj -> C:\Users\Administrator\Documents\GitHub\myMoto\ConsoleApplication1\Debug\Win32Robot.exe
     1>已完成生成项目“C:\Users\Administrator\Documents\GitHub\myMoto\ConsoleApplication1\Win32Robot\Win32Robot.vcxproj”(Rebuild 个目标)的操作。

生成成功。

已用时间 00:00:01.49
